g:\progavancee\tp2\tp2-game\debug\vc120.pdb
g:\progavancee\tp2\tp2-game\debug\vc120.idb
g:\progavancee\tp2\tp2-game\debug\bullet.obj
g:\progavancee\tp2\tp2-game\debug\chest.obj
g:\progavancee\tp2\tp2-game\debug\enemy.obj
g:\progavancee\tp2\tp2-game\debug\game.obj
g:\progavancee\tp2\tp2-game\debug\map.obj
g:\progavancee\tp2\tp2-game\debug\player.obj
g:\progavancee\tp2\tp2-game\debug\score.obj
g:\progavancee\tp2\tp2-game\debug\source.obj
g:\progavancee\tp2\tp2-game\debug\tile.obj
g:\progavancee\tp2\tp2-game\debug\tilemanager.obj
g:\progavancee\tp2\debug\tp2-game.ilk
g:\progavancee\tp2\debug\tp2-game.exe
g:\progavancee\tp2\debug\tp2-game.pdb
g:\progavancee\tp2\tp2-game\debug\tp2-game.tlog\cl.command.1.tlog
g:\progavancee\tp2\tp2-game\debug\tp2-game.tlog\cl.read.1.tlog
g:\progavancee\tp2\tp2-game\debug\tp2-game.tlog\cl.write.1.tlog
g:\progavancee\tp2\tp2-game\debug\tp2-game.tlog\link.command.1.tlog
g:\progavancee\tp2\tp2-game\debug\tp2-game.tlog\link.read.1.tlog
g:\progavancee\tp2\tp2-game\debug\tp2-game.tlog\link.write.1.tlog
