Build started 2015-04-24 22:21:21.
     1>Project "G:\ProgAvancee\TP2\TP2-Game\TP2-Game.vcxproj" on node 2 (Build target(s)).
     1>ClCompile:
         C:\Program Files (x86)\Microsoft Visual Studio 12.0\VC\bin\CL.exe /c /ZI /nologo /W3 /WX- /sdl /Od /Oy- /D _MBCS /Gm /EHsc /RTC1 /MDd /GS /fp:precise /Zc:wchar_t /Zc:forScope /Fo"Debug\\" /Fd"Debug\vc120.pdb" /Gd /TP /analyze- /errorReport:prompt TileManager.cpp
         TileManager.cpp
     1>g:\progavancee\tp2\tp2-game\tilemanager.cpp(130): warning C4244: 'argument' : conversion from 'const int' to 'const float', possible loss of data
       Link:
         C:\Program Files (x86)\Microsoft Visual Studio 12.0\VC\bin\link.exe /ERRORREPORT:PROMPT /OUT:"G:\ProgAvancee\TP2\Debug\TP2-Game.exe" /INCREMENTAL /NOLOGO SDL2.lib SDL2main.lib SDL2_image.lib SDL2_mixer.lib SDL2_ttf.lib kernel32.lib user32.lib gdi32.lib winspool.lib comdlg32.lib advapi32.lib shell32.lib ole32.lib oleaut32.lib uuid.lib odbc32.lib odbccp32.lib /MANIFEST /MANIFESTUAC:"level='asInvoker' uiAccess='false'" /manifest:embed /DEBUG /PDB:"G:\ProgAvancee\TP2\Debug\TP2-Game.pdb" /SUBSYSTEM:CONSOLE /TLBID:1 /DYNAMICBASE /NXCOMPAT /IMPLIB:"G:\ProgAvancee\TP2\Debug\TP2-Game.lib" /MACHINE:X86 Debug\Bullet.obj
         Debug\Chest.obj
         Debug\Enemy.obj
         Debug\Game.obj
         Debug\Map.obj
         Debug\Player.obj
         Debug\Score.obj
         Debug\Source.obj
         Debug\Tile.obj
         Debug\TileManager.obj
         G:\ProgAvancee\TP2\Debug\Core.lib
         TP2-Game.vcxproj -> G:\ProgAvancee\TP2\Debug\TP2-Game.exe
     1>Done Building Project "G:\ProgAvancee\TP2\TP2-Game\TP2-Game.vcxproj" (Build target(s)).

Build succeeded.

Time Elapsed 00:00:00.99
